<?xml version="1.0" encoding="UTF-8"?>
<!-- Generated by org.testng.reporters.JUnitXMLReporter -->
<testsuite ignored="3" hostname="LAPTOP-VLOHRU7V" failures="0" tests="1" name="Default test" time="0.064" errors="0" timestamp="2024-10-28T15:45:59 IST">
  <testcase classname="com.Epsondoms.ProductTest.KidsProductTest" name="removeProduct" time="0.013"/>
  <testcase classname="com.Epsondoms.ProductTest.KidsProductTest" name="addProduct" time="0.0">
    <ignored/>
  </testcase> <!-- addProduct -->
  <testcase classname="com.Epsondoms.ProductTest.KidsProductTest" name="updateProduct" time="0.0">
    <ignored/>
  </testcase> <!-- updateProduct -->
  <testcase classname="com.Epsondoms.ProductTest.KidsProductTest" name="removeProduct1" time="0.0">
    <ignored/>
  </testcase> <!-- removeProduct1 -->
</testsuite> <!-- Default test -->
