<?xml version="1.0" encoding="UTF-8"?>
<!-- Generated by org.testng.reporters.JUnitXMLReporter -->
<testsuite ignored="0" hostname="LAPTOP-VLOHRU7V" failures="0" tests="16" name="ChromeTest" time="0.137" errors="0" timestamp="2024-10-28T15:34:23 IST">
  <testcase classname="com.Epsondoms.ProductTest.MensProductTest" name="addProduct" time="0.012"/>
  <testcase classname="com.Epsondoms.ProductTest.MensProductTest" name="removeProduct" time="0.001"/>
  <testcase classname="com.Epsondoms.ProductTest.MensProductTest" name="removeProduct1" time="0.002"/>
  <testcase classname="com.Epsondoms.ProductTest.MensProductTest" name="updateProduct" time="0.002"/>
  <testcase classname="com.Epsondoms.ProductTest.WomensProductTest" name="addProduct" time="0.002"/>
  <testcase classname="com.Epsondoms.ProductTest.WomensProductTest" name="removeProduct" time="0.002"/>
  <testcase classname="com.Epsondoms.ProductTest.WomensProductTest" name="removeProduct1" time="0.001"/>
  <testcase classname="com.Epsondoms.ProductTest.WomensProductTest" name="updateProduct" time="0.003"/>
  <testcase classname="com.Epsondoms.ProductTest.ElectronicProductTest" name="addProduct" time="0.002"/>
  <testcase classname="com.Epsondoms.ProductTest.ElectronicProductTest" name="removeProduct" time="0.002"/>
  <testcase classname="com.Epsondoms.ProductTest.ElectronicProductTest" name="removeProduct1" time="0.001"/>
  <testcase classname="com.Epsondoms.ProductTest.ElectronicProductTest" name="updateProduct" time="0.002"/>
  <testcase classname="com.Epsondoms.ProductTest.KidsProductTest" name="addProduct" time="0.003"/>
  <testcase classname="com.Epsondoms.ProductTest.KidsProductTest" name="removeProduct" time="0.002"/>
  <testcase classname="com.Epsondoms.ProductTest.KidsProductTest" name="removeProduct1" time="0.001"/>
  <testcase classname="com.Epsondoms.ProductTest.KidsProductTest" name="updateProduct" time="0.003"/>
</testsuite> <!-- ChromeTest -->
