<?xml version="1.0" encoding="UTF-8"?>
<testng-results ignored="0" total="1" passed="1" failed="0" skipped="0">
  <reporter-output>
    <line>
      <![CDATA[Successfully launched the browser.]]>
    </line>
    <line>
      <![CDATA[Successfully navigated  to the web page.]]>
    </line>
    <line>
      <![CDATA[Title verified-pass:)]]>
    </line>
    <line>
      <![CDATA[name textfield is displayed]]>
    </line>
    <line>
      <![CDATA[Clear Action done successfully -name ]]>
    </line>
    <line>
      <![CDATA[sendkeys Action done successfully -name]]>
    </line>
    <line>
      <![CDATA[successfully closed the browser]]>
    </line>
    <line>
      <![CDATA[successfully closed the browser]]>
    </line>
    <line>
      <![CDATA[Terminated browser succesfully]]>
    </line>
  </reporter-output>
  <suite started-at="2024-10-31T16:01:56 IST" name="Functionality" finished-at="2024-10-31T16:02:26 IST" duration-ms="30306">
    <groups>
    </groups>
    <test started-at="2024-10-31T16:01:56 IST" name="ChromeTest" finished-at="2024-10-31T16:02:26 IST" duration-ms="30306">
      <class name="com.Epsondoms.WelcomeTest.VerifyWelcomePageTest">
        <test-method is-config="true" signature="browserSetup(java.lang.String)[pri:0, instance:com.Epsondoms.WelcomeTest.VerifyWelcomePageTest@15043a2f]" started-at="2024-10-31T16:01:56 IST" name="browserSetup" finished-at="2024-10-31T16:02:00 IST" duration-ms="4219" status="PASS">
          <params>
            <param index="0">
              <value>
                <![CDATA[chrome]]>
              </value>
            </param>
          </params>
          <reporter-output>
            <line>
              <![CDATA[Successfully launched the browser.]]>
            </line>
            <line>
              <![CDATA[Successfully navigated  to the web page.]]>
            </line>
          </reporter-output>
        </test-method> <!-- browserSetup -->
        <test-method signature="verifyWelcomepagewithvalidinput()[pri:0, instance:com.Epsondoms.WelcomeTest.VerifyWelcomePageTest@15043a2f]" started-at="2024-10-31T16:02:00 IST" name="verifyWelcomepagewithvalidinput" finished-at="2024-10-31T16:02:26 IST" duration-ms="25990" status="PASS">
          <reporter-output>
            <line>
              <![CDATA[Title verified-pass:)]]>
            </line>
            <line>
              <![CDATA[name textfield is displayed]]>
            </line>
            <line>
              <![CDATA[Clear Action done successfully -name ]]>
            </line>
            <line>
              <![CDATA[sendkeys Action done successfully -name]]>
            </line>
            <line>
              <![CDATA[successfully closed the browser]]>
            </line>
            <line>
              <![CDATA[successfully closed the browser]]>
            </line>
          </reporter-output>
        </test-method> <!-- verifyWelcomepagewithvalidinput -->
        <test-method is-config="true" signature="terminateBrowser()[pri:0, instance:com.Epsondoms.WelcomeTest.VerifyWelcomePageTest@15043a2f]" started-at="2024-10-31T16:02:26 IST" name="terminateBrowser" finished-at="2024-10-31T16:02:26 IST" duration-ms="37" status="PASS">
          <reporter-output>
            <line>
              <![CDATA[Terminated browser succesfully]]>
            </line>
          </reporter-output>
        </test-method> <!-- terminateBrowser -->
      </class> <!-- com.Epsondoms.WelcomeTest.VerifyWelcomePageTest -->
    </test> <!-- ChromeTest -->
  </suite> <!-- Functionality -->
</testng-results>
